<?xml version="1.0" encoding="UTF-8"?>
<!-- Generated by org.testng.reporters.JUnitReportReporter -->
<testsuite hostname="msi-l1413" name="testcases.VerifyHomePage" tests="1" failures="0" timestamp="16 Jun 2016 18:54:08 GMT" time="13.050" errors="0">
  <testcase name="testHomePage" time="13.050" classname="testcases.VerifyHomePage"/>
</testsuite> <!-- testcases.VerifyHomePage -->
